<?xml version="1.0" encoding="UTF-8"?>
<testsuite name="org.scoula.persistence.JDBCTests" tests="1" skipped="0" failures="0" errors="0" timestamp="2025-07-22T01:09:37" hostname="DESKTOP-NG11VS5" time="0.794">
  <properties/>
  <testcase name="JDBC 드라이버 연결이 된다." classname="org.scoula.persistence.JDBCTests" time="0.794"/>
  <system-out><![CDATA[ INFO  org.scoula.persistence.JDBCTests(testConnection:29) - com.mysql.cj.jdbc.ConnectionImpl@75de29c0
]]></system-out>
  <system-err><![CDATA[]]></system-err>
</testsuite>
